(IvExtractor) TotalVariability - Load world model [world]
(AccumulateTVStat) Init TV matrix from ./mat/TV.matx  for TotalVariability Matrix, rank: [10] sv size: [1600]
(AccumulateTVStat) Compute Statistics UnThreaded
Processing file[sa1]
Processing file[sa2]
Processing file[si648]
Processing file[si1027]
Processing file[si1657]
Processing file[sx37]
Processing file[sx127]
Processing file[sx217]
Processing file[sx307]
Processing file[sx397]
(AccumulateTVStat) Statisitc Accumulators saved
	(IvExtractor) Load Mean Estimate
(AccumulateTVStat) Substract Mean from Speaker Statistics
(AccumulateTVStat) compute V * Sigma-1 * V 
(AccumulateTVStat) Estimate Y from Statistics 
--------- save IV by File --------
--------- end of process --------
