faks0_sa1
faks0_sa2
faks0_si1573
faks0_si2203
faks0_si943
faks0_sx133
faks0_sx223
faks0_sx313
faks0_sx403
fdac1_sa1
fdac1_sa2
fdac1_si1474
fdac1_si2104
fdac1_si844
fdac1_sx124
fdac1_sx214
fdac1_sx304
fdac1_sx34
felc0_sa1
felc0_sa2
felc0_si1386
felc0_si2016
felc0_si756
felc0_sx126
felc0_sx216
felc0_sx306
felc0_sx36
fjem0_sa1
fjem0_sa2
fjem0_si1264
fjem0_si1894
fjem0_si634
fjem0_sx184
fjem0_sx274
fjem0_sx364
fjem0_sx4
mdab0_sa1
mdab0_sa2
mdab0_si1039
mdab0_si1669
mdab0_si2299
mdab0_sx139
mdab0_sx229
mdab0_sx319
mdab0_sx409
mjsw0_sa1
mjsw0_sa2
mjsw0_si1010
mjsw0_si1640
mjsw0_si2270
mjsw0_sx110
mjsw0_sx200
mjsw0_sx20
mjsw0_sx290
mreb0_sa1
mreb0_sa2
mreb0_si1375
mreb0_si2005
mreb0_si745
mreb0_sx115
mreb0_sx205
mreb0_sx25
mreb0_sx295
mrjo0_sa1
mrjo0_sa2
mrjo0_si1364
mrjo0_si1624
mrjo0_si734
mrjo0_sx104
mrjo0_sx14
mrjo0_sx194
mrjo0_sx284
msjs1_sa1
msjs1_sa2
msjs1_si1899
msjs1_si639
msjs1_si869
msjs1_sx189
msjs1_sx279
msjs1_sx369
msjs1_sx99
mstk0_sa1
mstk0_sa2
mstk0_si1024
mstk0_si2222
mstk0_si2284
mstk0_sx124
mstk0_sx214
mstk0_sx304
mstk0_sx34
mwbt0_sa1
mwbt0_sa2
mwbt0_si1553
mwbt0_si2183
mwbt0_si923
mwbt0_sx113
mwbt0_sx203
mwbt0_sx23
mwbt0_sx293
fcmr0_sa1
fcmr0_sa2
fcmr0_si1105
fcmr0_si1735
fcmr0_si475
fcmr0_sx115
fcmr0_sx205
fcmr0_sx25
fcmr0_sx295
fdrd1_sa1
fdrd1_sa2
fdrd1_si1544
fdrd1_si1566
fdrd1_si2149
fdrd1_sx104
fdrd1_sx14
fdrd1_sx194
fdrd1_sx284
fjas0_sa1
fjas0_sa2
fjas0_si1400
fjas0_si2030
fjas0_si770
fjas0_sx140
fjas0_sx230
fjas0_sx320
fjas0_sx410
fjre0_sa1
fjre0_sa2
fjre0_si1116
fjre0_si1587
fjre0_si1746
fjre0_sx126
fjre0_sx216
fjre0_sx306
fjre0_sx36
fjwb0_sa1
fjwb0_sa2
fjwb0_si1265
fjwb0_si635
fjwb0_si992
fjwb0_sx185
fjwb0_sx275
fjwb0_sx365
fjwb0_sx5
fpas0_sa1
fpas0_sa2
fpas0_si1272
fpas0_si2204
fpas0_si944
fpas0_sx134
fpas0_sx224
fpas0_sx314
fpas0_sx404
fram1_sa1
fram1_sa2
fram1_si1360
fram1_si522
fram1_si730
fram1_sx100
fram1_sx10
fram1_sx190
fram1_sx280
fslb1_sa1
fslb1_sa2
fslb1_si1904
fslb1_si644
fslb1_si891
fslb1_sx104
fslb1_sx14
fslb1_sx194
fslb1_sx284
mabw0_sa1
mabw0_sa2
mabw0_si1230
mabw0_si1664
mabw0_si2294
mabw0_sx134
mabw0_sx224
mabw0_sx314
mabw0_sx404
mbjk0_sa1
mbjk0_sa2
mbjk0_si1175
mbjk0_si2128
mbjk0_si545
mbjk0_sx185
mbjk0_sx275
mbjk0_sx365
mbjk0_sx5
mccs0_sa1
mccs0_sa2
mccs0_si1469
mccs0_si2099
mccs0_si839
mccs0_sx119
mccs0_sx209
mccs0_sx299
mccs0_sx29
mcem0_sa1
mcem0_sa2
mcem0_si1398
mcem0_si2028
mcem0_si768
mcem0_sx138
mcem0_sx228
mcem0_sx318
mcem0_sx408
mdbb0_sa1
mdbb0_sa2
mdbb0_si1195
mdbb0_si1825
mdbb0_si565
mdbb0_sx115
mdbb0_sx205
mdbb0_sx25
mdbb0_sx295
mdld0_sa1
mdld0_sa2
mdld0_si1543
mdld0_si2173
mdld0_si913
mdld0_sx103
mdld0_sx13
mdld0_sx193
mdld0_sx283
mgwt0_sa1
mgwt0_sa2
mgwt0_si1539
mgwt0_si2169
mgwt0_si909
mgwt0_sx189
mgwt0_sx279
mgwt0_sx369
mgwt0_sx99
mjar0_sa1
mjar0_sa2
mjar0_si1988
mjar0_si2247
mjar0_si728
mjar0_sx188
mjar0_sx278
mjar0_sx368
mjar0_sx8
mmdb1_sa1
mmdb1_sa2
mmdb1_si1625
mmdb1_si2255
mmdb1_si995
mmdb1_sx185
mmdb1_sx275
mmdb1_sx365
mmdb1_sx5
mmdm2_sa1
mmdm2_sa2
mmdm2_si1452
mmdm2_si1555
mmdm2_si2082
mmdm2_sx102
mmdm2_sx12
mmdm2_sx192
mmdm2_sx282
mpdf0_sa1
mpdf0_sa2
mpdf0_si1542
mpdf0_si2172
mpdf0_si912
mpdf0_sx102
mpdf0_sx12
mpdf0_sx192
mpdf0_sx282
mpgl0_sa1
mpgl0_sa2
mpgl0_si1099
mpgl0_si1729
mpgl0_si469
mpgl0_sx109
mpgl0_sx199
mpgl0_sx19
mpgl0_sx289
mrcz0_sa1
mrcz0_sa2
mrcz0_si1541
mrcz0_si2171
mrcz0_si911
mrcz0_sx101
mrcz0_sx11
mrcz0_sx191
mrcz0_sx281
mrgg0_sa1
mrgg0_sa2
mrgg0_si1199
mrgg0_si1829
mrgg0_si569
mrgg0_sx119
mrgg0_sx209
mrgg0_sx299
mrgg0_sx29
mtas1_sa1
mtas1_sa2
mtas1_si1473
mtas1_si2098
mtas1_si838
mtas1_sx118
mtas1_sx208
mtas1_sx28
mtas1_sx298
mtmr0_sa1
mtmr0_sa2
mtmr0_si1303
mtmr0_si1933
mtmr0_si673
mtmr0_sx133
mtmr0_sx223
mtmr0_sx313
mtmr0_sx403
mwew0_sa1
mwew0_sa2
mwew0_si1361
mwew0_si1991
mwew0_si731
mwew0_sx101
mwew0_sx11
mwew0_sx191
mwew0_sx281
mwvw0_sa1
mwvw0_sa2
mwvw0_si1476
mwvw0_si2106
mwvw0_si846
mwvw0_sx126
mwvw0_sx216
mwvw0_sx306
mwvw0_sx36
fcmh0_sa1
fcmh0_sa2
fcmh0_si1454
fcmh0_si2084
fcmh0_si824
fcmh0_sx104
fcmh0_sx14
fcmh0_sx194
fcmh0_sx284
fkms0_sa1
fkms0_sa2
fkms0_si1490
fkms0_si2120
fkms0_si860
fkms0_sx140
fkms0_sx230
fkms0_sx320
fkms0_sx410
fpkt0_sa1
fpkt0_sa2
fpkt0_si1538
fpkt0_si2168
fpkt0_si908
fpkt0_sx188
fpkt0_sx278
fpkt0_sx368
fpkt0_sx8
mbdg0_sa1
mbdg0_sa2
mbdg0_si1463
mbdg0_si2093
mbdg0_si833
mbdg0_sx113
mbdg0_sx203
mbdg0_sx23
mbdg0_sx293
mbwm0_sa1
mbwm0_sa2
mbwm0_si1304
mbwm0_si1934
mbwm0_si674
mbwm0_sx134
mbwm0_sx224
mbwm0_sx314
mbwm0_sx404
mcsh0_sa1
mcsh0_sa2
mcsh0_si1549
mcsh0_si2179
mcsh0_si919
mcsh0_sx109
mcsh0_sx199
mcsh0_sx19
mcsh0_sx289
mctw0_sa1
mctw0_sa2
mctw0_si1373
mctw0_si2003
mctw0_si743
mctw0_sx113
mctw0_sx203
mctw0_sx23
mctw0_sx293
mgjf0_sa1
mgjf0_sa2
mgjf0_si1901
mgjf0_si641
mgjf0_si776
mgjf0_sx101
mgjf0_sx11
mgjf0_sx191
mgjf0_sx281
mglb0_sa1
mglb0_sa2
mglb0_si1534
mglb0_si2164
mglb0_si904
mglb0_sx184
mglb0_sx274
mglb0_sx364
mglb0_sx4
mhpg0_sa1
mhpg0_sa2
mhpg0_si1090
mhpg0_si1720
mhpg0_si460
mhpg0_sx100
mhpg0_sx10
mhpg0_sx190
mhpg0_sx280
mjbr0_sa1
mjbr0_sa2
mjbr0_si1001
mjbr0_si1631
mjbr0_si2261
mjbr0_sx101
mjbr0_sx11
mjbr0_sx191
mjbr0_sx281
mjes0_sa1
mjes0_sa2
mjes0_si1384
mjes0_si2014
mjes0_si754
mjes0_sx124
mjes0_sx214
mjes0_sx304
mjes0_sx34
mjjg0_sa1
mjjg0_sa2
mjjg0_si1003
mjjg0_si1633
mjjg0_si2263
mjjg0_sx103
mjjg0_sx13
mjjg0_sx193
mjjg0_sx283
mjmp0_sa1
mjmp0_sa2
mjmp0_si1535
mjmp0_si1791
mjmp0_si905
mjmp0_sx185
mjmp0_sx275
mjmp0_sx365
mjmp0_sx5
mjvw0_sa1
mjvw0_sa2
mjvw0_si1733
mjvw0_si1758
mjvw0_si473
mjvw0_sx113
mjvw0_sx203
mjvw0_sx23
mjvw0_sx293
mkch0_sa1
mkch0_sa2
mkch0_si1378
mkch0_si1425
mkch0_si2008
mkch0_sx118
mkch0_sx208
mkch0_sx28
mkch0_sx298
mlnt0_sa1
mlnt0_sa2
mlnt0_si1574
mlnt0_si1902
mlnt0_si642
mlnt0_sx102
mlnt0_sx12
mlnt0_sx192
mlnt0_sx282
mmab0_sa1
mmab0_sa2
mmab0_si1362
mmab0_si1992
mmab0_si732
mmab0_sx102
mmab0_sx12
mmab0_sx192
mmab0_sx282
mmdh0_sa1
mmdh0_sa2
mmdh0_si1656
mmdh0_si2118
mmdh0_si2286
mmdh0_sx126
mmdh0_sx216
mmdh0_sx306
mmdh0_sx36
mmjr0_sa1
mmjr0_sa2
mmjr0_si1648
mmjr0_si2166
mmjr0_si2278
mmjr0_sx118
mmjr0_sx208
mmjr0_sx28
mmjr0_sx298
mmwh0_sa1
mmwh0_sa2
mmwh0_si1089
mmwh0_si1301
mmwh0_si459
mmwh0_sx189
mmwh0_sx279
mmwh0_sx369
mmwh0_sx99
mrtk0_sa1
mrtk0_sa2
mrtk0_si1093
mrtk0_si1723
mrtk0_si1750
mrtk0_sx103
mrtk0_sx13
mrtk0_sx193
mrtk0_sx283
mtaa0_sa1
mtaa0_sa2
mtaa0_si1285
mtaa0_si1915
mtaa0_si596
mtaa0_sx115
mtaa0_sx205
mtaa0_sx25
mtaa0_sx295
mtdt0_sa1
mtdt0_sa2
mtdt0_si1994
mtdt0_si2254
mtdt0_si994
mtdt0_sx184
mtdt0_sx274
mtdt0_sx364
mtdt0_sx4
mthc0_sa1
mthc0_sa2
mthc0_si1015
mthc0_si1645
mthc0_si2275
mthc0_sx115
mthc0_sx205
mthc0_sx25
mthc0_sx295
mwjg0_sa1
mwjg0_sa2
mwjg0_si1124
mwjg0_si1754
mwjg0_si494
mwjg0_sx134
mwjg0_sx224
mwjg0_sx314
mwjg0_sx404
fadg0_sa1
fadg0_sa2
fadg0_si1279
fadg0_si1909
fadg0_si649
fadg0_sx109
fadg0_sx199
fadg0_sx19
fadg0_sx289
fcft0_sa1
fcft0_sa2
fcft0_si1178
fcft0_si1808
fcft0_si548
fcft0_sx188
fcft0_sx278
fcft0_sx368
fcft0_sx8
fcrh0_sa1
fcrh0_sa2
fcrh0_si1088
fcrh0_si1718
fcrh0_si458
fcrh0_sx188
fcrh0_sx278
fcrh0_sx368
fcrh0_sx8
fdms0_sa1
fdms0_sa2
fdms0_si1218
fdms0_si1502
fdms0_si1848
fdms0_sx138
fdms0_sx228
fdms0_sx318
fdms0_sx408
fedw0_sa1
fedw0_sa2
fedw0_si1084
fedw0_si1653
fedw0_si1714
fedw0_sx184
fedw0_sx274
fedw0_sx364
fedw0_sx4
fgjd0_sa1
fgjd0_sa2
fgjd0_si1179
fgjd0_si549
fgjd0_si818
fgjd0_sx189
fgjd0_sx279
fgjd0_sx369
fgjd0_sx99
fjlm0_sa1
fjlm0_sa2
fjlm0_si1043
fjlm0_si1673
fjlm0_si2303
fjlm0_sx143
fjlm0_sx233
fjlm0_sx323
fjlm0_sx413
fjmg0_sa1
fjmg0_sa2
fjmg0_si1181
fjmg0_si1811
fjmg0_si551
fjmg0_sx101
fjmg0_sx11
fjmg0_sx191
fjmg0_sx281
flbw0_sa1
flbw0_sa2
flbw0_si1219
flbw0_si1849
flbw0_si2253
flbw0_sx139
flbw0_sx229
flbw0_sx319
flbw0_sx409
flkd0_sa1
flkd0_sa2
flkd0_si1369
flkd0_si739
flkd0_si894
flkd0_sx109
flkd0_sx199
flkd0_sx19
flkd0_sx289
fmaf0_sa1
fmaf0_sa2
fmaf0_si1459
fmaf0_si2089
fmaf0_si829
fmaf0_sx109
fmaf0_sx199
fmaf0_sx19
fmaf0_sx289
fmcm0_sa1
fmcm0_sa2
fmcm0_si1180
fmcm0_si1810
fmcm0_si550
fmcm0_sx100
fmcm0_sx10
fmcm0_sx190
fmcm0_sx280
fnmr0_sa1
fnmr0_sa2
fnmr0_si1399
fnmr0_si2029
fnmr0_si769
fnmr0_sx139
fnmr0_sx229
fnmr0_sx319
fnmr0_sx409
frew0_sa1
frew0_sa2
frew0_si1030
frew0_si1280
frew0_si1910
frew0_sx110
frew0_sx200
frew0_sx20
frew0_sx290
frng0_sa1
frng0_sa2
frng0_si1355
frng0_si1985
frng0_si725
frng0_sx185
frng0_sx275
frng0_sx365
frng0_sx5
fsem0_sa1
fsem0_sa2
fsem0_si1198
fsem0_si1828
fsem0_si568
fsem0_sx118
fsem0_sx208
fsem0_sx28
fsem0_sx298
mbns0_sa1
mbns0_sa2
mbns0_si1220
mbns0_si1850
mbns0_si590
mbns0_sx140
mbns0_sx230
mbns0_sx320
mbns0_sx410
mdls0_sa1
mdls0_sa2
mdls0_si1628
mdls0_si2258
mdls0_si998
mdls0_sx188
mdls0_sx278
mdls0_sx368
mdls0_sx8
mdrm0_sa1
mdrm0_sa2
mdrm0_si1013
mdrm0_si1643
mdrm0_si2273
mdrm0_sx113
mdrm0_sx203
mdrm0_sx23
mdrm0_sx293
mgmm0_sa1
mgmm0_sa2
mgmm0_si1129
mgmm0_si1759
mgmm0_si499
mgmm0_sx139
mgmm0_sx229
mgmm0_sx319
mgmm0_sx409
mjdm1_sa1
mjdm1_sa2
mjdm1_si1085
mjdm1_si1715
mjdm1_si455
mjdm1_sx185
mjdm1_sx275
mjdm1_sx365
mjdm1_sx5
mjrf0_sa1
mjrf0_sa2
mjrf0_si1114
mjrf0_si2081
mjrf0_si821
mjrf0_sx101
mjrf0_sx11
mjrf0_sx191
mjrf0_sx281
mkcl0_sa1
mkcl0_sa2
mkcl0_si1091
mkcl0_si1721
mkcl0_si461
mkcl0_sx101
mkcl0_sx11
mkcl0_sx191
mkcl0_sx281
mljb0_sa1
mljb0_sa2
mljb0_si1310
mljb0_si1940
mljb0_si680
mljb0_sx140
mljb0_sx230
mljb0_sx320
mljb0_sx410
mlll0_sa1
mlll0_sa2
mlll0_si1363
mlll0_si1993
mlll0_si733
mlll0_sx103
mlll0_sx13
mlll0_sx193
mlll0_sx283
mpcs0_sa1
mpcs0_sa2
mpcs0_si1359
mpcs0_si1989
mpcs0_si729
mpcs0_sx189
mpcs0_sx279
mpcs0_sx369
mpcs0_sx99
mplb0_sa1
mplb0_sa2
mplb0_si1394
mplb0_si2024
mplb0_si764
mplb0_sx134
mplb0_sx224
mplb0_sx314
mplb0_sx404
mpwm0_sa1
mpwm0_sa2
mpwm0_si1127
mpwm0_si1757
mpwm0_si2279
mpwm0_sx137
mpwm0_sx227
mpwm0_sx317
mpwm0_sx407
mrko0_sa1
mrko0_sa2
mrko0_si1397
mrko0_si2027
mrko0_si767
mrko0_sx137
mrko0_sx227
mrko0_sx317
mrko0_sx407
mroa0_sa1
mroa0_sa2
mroa0_si1307
mroa0_si1970
mroa0_si677
mroa0_sx137
mroa0_sx227
mroa0_sx317
mroa0_sx407
mteb0_sa1
mteb0_sa2
mteb0_si1133
mteb0_si2064
mteb0_si503
mteb0_sx143
mteb0_sx233
mteb0_sx323
mteb0_sx413
mtls0_sa1
mtls0_sa2
mtls0_si1370
mtls0_si2000
mtls0_si740
mtls0_sx110
mtls0_sx200
mtls0_sx20
mtls0_sx290
fasw0_sa1
fasw0_sa2
fasw0_si1550
fasw0_si2180
fasw0_si920
fasw0_sx110
fasw0_sx200
fasw0_sx20
fasw0_sx290
fawf0_sa1
fawf0_sa2
fawf0_si1000
fawf0_si1630
fawf0_si2260
fawf0_sx100
fawf0_sx10
fawf0_sx190
fawf0_sx280
fcal1_sa1
fcal1_sa2
fcal1_si1403
fcal1_si2033
fcal1_si773
fcal1_sx143
fcal1_sx233
fcal1_sx323
fcal1_sx413
fgmd0_sa1
fgmd0_sa2
fgmd0_si1943
fgmd0_si2107
fgmd0_si683
fgmd0_sx143
fgmd0_sx233
fgmd0_sx323
fgmd0_sx413
fhes0_sa1
fhes0_sa2
fhes0_si1109
fhes0_si1739
fhes0_si479
fhes0_sx119
fhes0_sx209
fhes0_sx299
fhes0_sx29
