This file contains any messages produced by compilers while
running configure, to aid debugging if configure makes a mistake.

It was created by libalize configure 3.0, which was
generated by GNU Autoconf 2.69.  Invocation command line was

  $ ./configure 

## --------- ##
## Platform. ##
## --------- ##

hostname = xueyang-Lenovo
uname -m = x86_64
uname -r = 3.13.0-105-generic
uname -s = Linux
uname -v = #152-Ubuntu SMP Fri Dec 2 15:37:11 UTC 2016

/usr/bin/uname -p = unknown
/bin/uname -X     = unknown

/bin/arch              = unknown
/usr/bin/arch -k       = unknown
/usr/convex/getsysinfo = unknown
/usr/bin/hostinfo      = unknown
/bin/machine           = unknown
/usr/bin/oslevel       = unknown
/bin/universe          = unknown

PATH: /home/xueyang/caffe/keras/
PATH: /home/xueyang/caffe/anaconda2/bin
PATH: /usr/local/sbin
PATH: /usr/local/bin
PATH: /usr/sbin
PATH: /usr/bin
PATH: /sbin
PATH: /bin
PATH: /usr/games
PATH: /usr/local/games


## ----------- ##
## Core tests. ##
## ----------- ##

configure:2298: checking for a BSD-compatible install
configure:2366: result: /usr/bin/install -c
configure:2377: checking whether build environment is sane
configure:2432: result: yes
configure:2470: WARNING: 'missing' script is too old or missing
configure:2583: checking for a thread-safe mkdir -p
configure:2622: result: /bin/mkdir -p
configure:2629: checking for gawk
configure:2659: result: no
configure:2629: checking for mawk
configure:2645: found /usr/bin/mawk
configure:2656: result: mawk
configure:2667: checking whether make sets $(MAKE)
configure:2689: result: yes
configure:2718: checking whether make supports nested variables
configure:2735: result: yes
configure:2919: checking for g++
configure:2935: found /usr/bin/g++
configure:2946: result: g++
configure:2973: checking for C++ compiler version
configure:2982: g++ --version >&5
g++ (Ubuntu 4.8.4-2ubuntu1~14.04.3) 4.8.4
Copyright (C) 2013 Free Software Foundation, Inc.
This is free software; see the source for copying conditions.  There is NO
warranty; not even for MERCHANTABILITY or FITNESS FOR A PARTICULAR PURPOSE.

configure:2993: $? = 0
configure:2982: g++ -v >&5
Using built-in specs.
COLLECT_GCC=g++
COLLECT_LTO_WRAPPER=/usr/lib/gcc/x86_64-linux-gnu/4.8/lto-wrapper
Target: x86_64-linux-gnu
Configured with: ../src/configure -v --with-pkgversion='Ubuntu 4.8.4-2ubuntu1~14.04.3' --with-bugurl=file:///usr/share/doc/gcc-4.8/README.Bugs --enable-languages=c,c++,java,go,d,fortran,objc,obj-c++ --prefix=/usr --program-suffix=-4.8 --enable-shared --enable-linker-build-id --libexecdir=/usr/lib --without-included-gettext --enable-threads=posix --with-gxx-include-dir=/usr/include/c++/4.8 --libdir=/usr/lib --enable-nls --with-sysroot=/ --enable-clocale=gnu --enable-libstdcxx-debug --enable-libstdcxx-time=yes --enable-gnu-unique-object --disable-libmudflap --enable-plugin --with-system-zlib --disable-browser-plugin --enable-java-awt=gtk --enable-gtk-cairo --with-java-home=/usr/lib/jvm/java-1.5.0-gcj-4.8-amd64/jre --enable-java-home --with-jvm-root-dir=/usr/lib/jvm/java-1.5.0-gcj-4.8-amd64 --with-jvm-jar-dir=/usr/lib/jvm-exports/java-1.5.0-gcj-4.8-amd64 --with-arch-directory=amd64 --with-ecj-jar=/usr/share/java/eclipse-ecj.jar --enable-objc-gc --enable-multiarch --disable-werror --with-arch-32=i686 --with-abi=m64 --with-multilib-list=m32,m64,mx32 --with-tune=generic --enable-checking=release --build=x86_64-linux-gnu --host=x86_64-linux-gnu --target=x86_64-linux-gnu
Thread model: posix
gcc version 4.8.4 (Ubuntu 4.8.4-2ubuntu1~14.04.3) 
configure:2993: $? = 0
configure:2982: g++ -V >&5
g++: error: unrecognized command line option '-V'
g++: fatal error: no input files
compilation terminated.
configure:2993: $? = 4
configure:2982: g++ -qversion >&5
g++: error: unrecognized command line option '-qversion'
g++: fatal error: no input files
compilation terminated.
configure:2993: $? = 4
configure:3013: checking whether the C++ compiler works
configure:3035: g++    conftest.cpp  >&5
configure:3039: $? = 0
configure:3087: result: yes
configure:3090: checking for C++ compiler default output file name
configure:3092: result: a.out
configure:3098: checking for suffix of executables
configure:3105: g++ -o conftest    conftest.cpp  >&5
configure:3109: $? = 0
configure:3131: result: 
configure:3153: checking whether we are cross compiling
configure:3161: g++ -o conftest    conftest.cpp  >&5
configure:3165: $? = 0
configure:3172: ./conftest
configure:3176: $? = 0
configure:3191: result: no
configure:3196: checking for suffix of object files
configure:3218: g++ -c   conftest.cpp >&5
configure:3222: $? = 0
configure:3243: result: o
configure:3247: checking whether we are using the GNU C++ compiler
configure:3266: g++ -c   conftest.cpp >&5
configure:3266: $? = 0
configure:3275: result: yes
configure:3284: checking whether g++ accepts -g
configure:3304: g++ -c -g  conftest.cpp >&5
configure:3304: $? = 0
configure:3345: result: yes
configure:3379: checking for style of include used by make
configure:3407: result: GNU
configure:3433: checking dependency style of g++
configure:3544: result: gcc3
configure:3588: checking build system type
configure:3602: result: x86_64-unknown-linux-gnu
configure:3622: checking host system type
configure:3635: result: x86_64-unknown-linux-gnu
configure:3676: checking how to print strings
configure:3703: result: printf
configure:3772: checking for gcc
configure:3788: found /usr/bin/gcc
configure:3799: result: gcc
configure:4028: checking for C compiler version
configure:4037: gcc --version >&5
gcc (Ubuntu 4.8.4-2ubuntu1~14.04.3) 4.8.4
Copyright (C) 2013 Free Software Foundation, Inc.
This is free software; see the source for copying conditions.  There is NO
warranty; not even for MERCHANTABILITY or FITNESS FOR A PARTICULAR PURPOSE.

configure:4048: $? = 0
configure:4037: gcc -v >&5
Using built-in specs.
COLLECT_GCC=gcc
COLLECT_LTO_WRAPPER=/usr/lib/gcc/x86_64-linux-gnu/4.8/lto-wrapper
Target: x86_64-linux-gnu
Configured with: ../src/configure -v --with-pkgversion='Ubuntu 4.8.4-2ubuntu1~14.04.3' --with-bugurl=file:///usr/share/doc/gcc-4.8/README.Bugs --enable-languages=c,c++,java,go,d,fortran,objc,obj-c++ --prefix=/usr --program-suffix=-4.8 --enable-shared --enable-linker-build-id --libexecdir=/usr/lib --without-included-gettext --enable-threads=posix --with-gxx-include-dir=/usr/include/c++/4.8 --libdir=/usr/lib --enable-nls --with-sysroot=/ --enable-clocale=gnu --enable-libstdcxx-debug --enable-libstdcxx-time=yes --enable-gnu-unique-object --disable-libmudflap --enable-plugin --with-system-zlib --disable-browser-plugin --enable-java-awt=gtk --enable-gtk-cairo --with-java-home=/usr/lib/jvm/java-1.5.0-gcj-4.8-amd64/jre --enable-java-home --with-jvm-root-dir=/usr/lib/jvm/java-1.5.0-gcj-4.8-amd64 --with-jvm-jar-dir=/usr/lib/jvm-exports/java-1.5.0-gcj-4.8-amd64 --with-arch-directory=amd64 --with-ecj-jar=/usr/share/java/eclipse-ecj.jar --enable-objc-gc --enable-multiarch --disable-werror --with-arch-32=i686 --with-abi=m64 --with-multilib-list=m32,m64,mx32 --with-tune=generic --enable-checking=release --build=x86_64-linux-gnu --host=x86_64-linux-gnu --target=x86_64-linux-gnu
Thread model: posix
gcc version 4.8.4 (Ubuntu 4.8.4-2ubuntu1~14.04.3) 
configure:4048: $? = 0
configure:4037: gcc -V >&5
gcc: error: unrecognized command line option '-V'
gcc: fatal error: no input files
compilation terminated.
configure:4048: $? = 4
configure:4037: gcc -qversion >&5
gcc: error: unrecognized command line option '-qversion'
gcc: fatal error: no input files
compilation terminated.
configure:4048: $? = 4
configure:4052: checking whether we are using the GNU C compiler
configure:4071: gcc -c   conftest.c >&5
configure:4071: $? = 0
configure:4080: result: yes
configure:4089: checking whether gcc accepts -g
configure:4109: gcc -c -g  conftest.c >&5
configure:4109: $? = 0
configure:4150: result: yes
configure:4167: checking for gcc option to accept ISO C89
configure:4230: gcc  -c -g -O2  conftest.c >&5
configure:4230: $? = 0
configure:4243: result: none needed
configure:4268: checking whether gcc understands -c and -o together
configure:4290: gcc -c conftest.c -o conftest2.o
configure:4293: $? = 0
configure:4290: gcc -c conftest.c -o conftest2.o
configure:4293: $? = 0
configure:4305: result: yes
configure:4324: checking dependency style of gcc
configure:4435: result: gcc3
configure:4450: checking for a sed that does not truncate output
configure:4514: result: /bin/sed
configure:4532: checking for grep that handles long lines and -e
configure:4590: result: /bin/grep
configure:4595: checking for egrep
configure:4657: result: /bin/grep -E
configure:4662: checking for fgrep
configure:4724: result: /bin/grep -F
configure:4759: checking for ld used by gcc
configure:4826: result: /usr/bin/ld
configure:4833: checking if the linker (/usr/bin/ld) is GNU ld
configure:4848: result: yes
configure:4860: checking for BSD- or MS-compatible name lister (nm)
configure:4909: result: /usr/bin/nm -B
configure:5039: checking the name lister (/usr/bin/nm -B) interface
configure:5046: gcc -c -g -O2  conftest.c >&5
configure:5049: /usr/bin/nm -B "conftest.o"
configure:5052: output
0000000000000000 B some_variable
configure:5059: result: BSD nm
configure:5062: checking whether ln -s works
configure:5066: result: yes
configure:5074: checking the maximum length of command line arguments
configure:5205: result: 1572864
configure:5222: checking whether the shell understands some XSI constructs
configure:5232: result: yes
configure:5236: checking whether the shell understands "+="
configure:5242: result: yes
configure:5277: checking how to convert x86_64-unknown-linux-gnu file names to x86_64-unknown-linux-gnu format
configure:5317: result: func_convert_file_noop
configure:5324: checking how to convert x86_64-unknown-linux-gnu file names to toolchain format
configure:5344: result: func_convert_file_noop
configure:5351: checking for /usr/bin/ld option to reload object files
configure:5358: result: -r
configure:5432: checking for objdump
configure:5448: found /usr/bin/objdump
configure:5459: result: objdump
configure:5491: checking how to recognize dependent libraries
configure:5689: result: pass_all
configure:5774: checking for dlltool
configure:5804: result: no
configure:5834: checking how to associate runtime and link libraries
configure:5861: result: printf %s\n
configure:5922: checking for ar
configure:5938: found /usr/bin/ar
configure:5949: result: ar
configure:5986: checking for archiver @FILE support
configure:6003: gcc -c -g -O2  conftest.c >&5
configure:6003: $? = 0
configure:6006: ar cru libconftest.a @conftest.lst >&5
configure:6009: $? = 0
configure:6014: ar cru libconftest.a @conftest.lst >&5
ar: conftest.o: No such file or directory
configure:6017: $? = 1
configure:6029: result: @
configure:6087: checking for strip
configure:6103: found /usr/bin/strip
configure:6114: result: strip
configure:6186: checking for ranlib
configure:6202: found /usr/bin/ranlib
configure:6213: result: ranlib
configure:6315: checking command to parse /usr/bin/nm -B output from gcc object
configure:6435: gcc -c -g -O2  conftest.c >&5
configure:6438: $? = 0
configure:6442: /usr/bin/nm -B conftest.o \| sed -n -e 's/^.*[ ]\([ABCDGIRSTW][ABCDGIRSTW]*\)[ ][ ]*\([_A-Za-z][_A-Za-z0-9]*\)$/\1 \2 \2/p' | sed '/ __gnu_lto/d' \> conftest.nm
configure:6445: $? = 0
configure:6511: gcc -o conftest -g -O2   conftest.c conftstm.o >&5
configure:6514: $? = 0
configure:6552: result: ok
configure:6589: checking for sysroot
configure:6619: result: no
configure:6696: gcc -c -g -O2  conftest.c >&5
configure:6699: $? = 0
configure:6888: checking for mt
configure:6904: found /bin/mt
configure:6915: result: mt
configure:6938: checking if mt is a manifest tool
configure:6944: mt '-?'
configure:6952: result: no
configure:7594: checking how to run the C preprocessor
configure:7625: gcc -E  conftest.c
configure:7625: $? = 0
configure:7639: gcc -E  conftest.c
conftest.c:11:28: fatal error: ac_nonexistent.h: No such file or directory
 #include <ac_nonexistent.h>
                            ^
compilation terminated.
configure:7639: $? = 1
configure: failed program was:
| /* confdefs.h */
| #define PACKAGE_NAME "libalize"
| #define PACKAGE_TARNAME "libalize"
| #define PACKAGE_VERSION "3.0"
| #define PACKAGE_STRING "libalize 3.0"
| #define PACKAGE_BUGREPORT "dev-alize@listes.univ-avignon.fr"
| #define PACKAGE_URL ""
| #define PACKAGE "libalize"
| #define VERSION "3.0"
| /* end confdefs.h.  */
| #include <ac_nonexistent.h>
configure:7664: result: gcc -E
configure:7684: gcc -E  conftest.c
configure:7684: $? = 0
configure:7698: gcc -E  conftest.c
conftest.c:11:28: fatal error: ac_nonexistent.h: No such file or directory
 #include <ac_nonexistent.h>
                            ^
compilation terminated.
configure:7698: $? = 1
configure: failed program was:
| /* confdefs.h */
| #define PACKAGE_NAME "libalize"
| #define PACKAGE_TARNAME "libalize"
| #define PACKAGE_VERSION "3.0"
| #define PACKAGE_STRING "libalize 3.0"
| #define PACKAGE_BUGREPORT "dev-alize@listes.univ-avignon.fr"
| #define PACKAGE_URL ""
| #define PACKAGE "libalize"
| #define VERSION "3.0"
| /* end confdefs.h.  */
| #include <ac_nonexistent.h>
configure:7727: checking for ANSI C header files
configure:7747: gcc -c -g -O2  conftest.c >&5
configure:7747: $? = 0
configure:7820: gcc -o conftest -g -O2   conftest.c  >&5
configure:7820: $? = 0
configure:7820: ./conftest
configure:7820: $? = 0
configure:7831: result: yes
configure:7844: checking for sys/types.h
configure:7844: gcc -c -g -O2  conftest.c >&5
configure:7844: $? = 0
configure:7844: result: yes
configure:7844: checking for sys/stat.h
configure:7844: gcc -c -g -O2  conftest.c >&5
configure:7844: $? = 0
configure:7844: result: yes
configure:7844: checking for stdlib.h
configure:7844: gcc -c -g -O2  conftest.c >&5
configure:7844: $? = 0
configure:7844: result: yes
configure:7844: checking for string.h
configure:7844: gcc -c -g -O2  conftest.c >&5
configure:7844: $? = 0
configure:7844: result: yes
configure:7844: checking for memory.h
configure:7844: gcc -c -g -O2  conftest.c >&5
configure:7844: $? = 0
configure:7844: result: yes
configure:7844: checking for strings.h
configure:7844: gcc -c -g -O2  conftest.c >&5
configure:7844: $? = 0
configure:7844: result: yes
configure:7844: checking for inttypes.h
configure:7844: gcc -c -g -O2  conftest.c >&5
configure:7844: $? = 0
configure:7844: result: yes
configure:7844: checking for stdint.h
configure:7844: gcc -c -g -O2  conftest.c >&5
configure:7844: $? = 0
configure:7844: result: yes
configure:7844: checking for unistd.h
configure:7844: gcc -c -g -O2  conftest.c >&5
configure:7844: $? = 0
configure:7844: result: yes
configure:7858: checking for dlfcn.h
configure:7858: gcc -c -g -O2  conftest.c >&5
configure:7858: $? = 0
configure:7858: result: yes
configure:8075: checking for objdir
configure:8090: result: .libs
configure:8357: checking if gcc supports -fno-rtti -fno-exceptions
configure:8375: gcc -c -g -O2  -fno-rtti -fno-exceptions conftest.c >&5
cc1: warning: command line option '-fno-rtti' is valid for C++/ObjC++ but not for C [enabled by default]
configure:8379: $? = 0
configure:8392: result: no
configure:8719: checking for gcc option to produce PIC
configure:8726: result: -fPIC -DPIC
configure:8734: checking if gcc PIC flag -fPIC -DPIC works
configure:8752: gcc -c -g -O2  -fPIC -DPIC -DPIC conftest.c >&5
configure:8756: $? = 0
configure:8769: result: yes
configure:8798: checking if gcc static flag -static works
configure:8826: result: yes
configure:8841: checking if gcc supports -c -o file.o
configure:8862: gcc -c -g -O2  -o out/conftest2.o conftest.c >&5
configure:8866: $? = 0
configure:8888: result: yes
configure:8896: checking if gcc supports -c -o file.o
configure:8943: result: yes
configure:8976: checking whether the gcc linker (/usr/bin/ld -m elf_x86_64) supports shared libraries
configure:10133: result: yes
configure:10170: checking whether -lc should be explicitly linked in
configure:10178: gcc -c -g -O2  conftest.c >&5
configure:10181: $? = 0
configure:10196: gcc -shared  -fPIC -DPIC conftest.o  -v -Wl,-soname -Wl,conftest -o conftest 2\>\&1 \| /bin/grep  -lc  \>/dev/null 2\>\&1
configure:10199: $? = 0
configure:10213: result: no
configure:10373: checking dynamic linker characteristics
configure:10873: gcc -o conftest -g -O2   -Wl,-rpath -Wl,/foo conftest.c  >&5
configure:10873: $? = 0
configure:11107: result: GNU/Linux ld.so
configure:11214: checking how to hardcode library paths into programs
configure:11239: result: immediate
configure:11779: checking whether stripping libraries is possible
configure:11784: result: yes
configure:11819: checking if libtool supports shared libraries
configure:11821: result: yes
configure:11824: checking whether to build shared libraries
configure:11845: result: yes
configure:11848: checking whether to build static libraries
configure:11852: result: yes
configure:11875: checking how to run the C++ preprocessor
configure:11902: g++ -E  conftest.cpp
configure:11902: $? = 0
configure:11916: g++ -E  conftest.cpp
conftest.cpp:23:28: fatal error: ac_nonexistent.h: No such file or directory
 #include <ac_nonexistent.h>
                            ^
compilation terminated.
configure:11916: $? = 1
configure: failed program was:
| /* confdefs.h */
| #define PACKAGE_NAME "libalize"
| #define PACKAGE_TARNAME "libalize"
| #define PACKAGE_VERSION "3.0"
| #define PACKAGE_STRING "libalize 3.0"
| #define PACKAGE_BUGREPORT "dev-alize@listes.univ-avignon.fr"
| #define PACKAGE_URL ""
| #define PACKAGE "libalize"
| #define VERSION "3.0"
| #define STDC_HEADERS 1
| #define HAVE_SYS_TYPES_H 1
| #define HAVE_SYS_STAT_H 1
| #define HAVE_STDLIB_H 1
| #define HAVE_STRING_H 1
| #define HAVE_MEMORY_H 1
| #define HAVE_STRINGS_H 1
| #define HAVE_INTTYPES_H 1
| #define HAVE_STDINT_H 1
| #define HAVE_UNISTD_H 1
| #define HAVE_DLFCN_H 1
| #define LT_OBJDIR ".libs/"
| /* end confdefs.h.  */
| #include <ac_nonexistent.h>
configure:11941: result: g++ -E
configure:11961: g++ -E  conftest.cpp
configure:11961: $? = 0
configure:11975: g++ -E  conftest.cpp
conftest.cpp:23:28: fatal error: ac_nonexistent.h: No such file or directory
 #include <ac_nonexistent.h>
                            ^
compilation terminated.
configure:11975: $? = 1
configure: failed program was:
| /* confdefs.h */
| #define PACKAGE_NAME "libalize"
| #define PACKAGE_TARNAME "libalize"
| #define PACKAGE_VERSION "3.0"
| #define PACKAGE_STRING "libalize 3.0"
| #define PACKAGE_BUGREPORT "dev-alize@listes.univ-avignon.fr"
| #define PACKAGE_URL ""
| #define PACKAGE "libalize"
| #define VERSION "3.0"
| #define STDC_HEADERS 1
| #define HAVE_SYS_TYPES_H 1
| #define HAVE_SYS_STAT_H 1
| #define HAVE_STDLIB_H 1
| #define HAVE_STRING_H 1
| #define HAVE_MEMORY_H 1
| #define HAVE_STRINGS_H 1
| #define HAVE_INTTYPES_H 1
| #define HAVE_STDINT_H 1
| #define HAVE_UNISTD_H 1
| #define HAVE_DLFCN_H 1
| #define LT_OBJDIR ".libs/"
| /* end confdefs.h.  */
| #include <ac_nonexistent.h>
configure:12144: checking for ld used by g++
configure:12211: result: /usr/bin/ld -m elf_x86_64
configure:12218: checking if the linker (/usr/bin/ld -m elf_x86_64) is GNU ld
configure:12233: result: yes
configure:12288: checking whether the g++ linker (/usr/bin/ld -m elf_x86_64) supports shared libraries
configure:13290: result: yes
configure:13326: g++ -c -g -O2  conftest.cpp >&5
configure:13329: $? = 0
configure:13849: checking for g++ option to produce PIC
configure:13856: result: -fPIC -DPIC
configure:13864: checking if g++ PIC flag -fPIC -DPIC works
configure:13882: g++ -c -g -O2  -fPIC -DPIC -DPIC conftest.cpp >&5
configure:13886: $? = 0
configure:13899: result: yes
configure:13922: checking if g++ static flag -static works
configure:13950: result: yes
configure:13962: checking if g++ supports -c -o file.o
configure:13983: g++ -c -g -O2  -o out/conftest2.o conftest.cpp >&5
configure:13987: $? = 0
configure:14009: result: yes
configure:14014: checking if g++ supports -c -o file.o
configure:14061: result: yes
configure:14091: checking whether the g++ linker (/usr/bin/ld -m elf_x86_64) supports shared libraries
configure:14130: result: yes
configure:14271: checking dynamic linker characteristics
configure:14939: result: GNU/Linux ld.so
configure:14992: checking how to hardcode library paths into programs
configure:15017: result: immediate
configure:15121: checking for ranlib
configure:15148: result: ranlib
configure:15170: checking whether make sets $(MAKE)
configure:15192: result: yes
configure:15387: checking that generated files are newer than configure
configure:15393: result: done
configure:15420: creating ./config.status

## ---------------------- ##
## Running config.status. ##
## ---------------------- ##

This file was extended by libalize config.status 3.0, which was
generated by GNU Autoconf 2.69.  Invocation command line was

  CONFIG_FILES    = 
  CONFIG_HEADERS  = 
  CONFIG_LINKS    = 
  CONFIG_COMMANDS = 
  $ ./config.status 

on xueyang-Lenovo

config.status:1070: creating Makefile
config.status:1070: creating src/Makefile
config.status:1242: executing depfiles commands
config.status:1242: executing libtool commands

## ---------------- ##
## Cache variables. ##
## ---------------- ##

ac_cv_build=x86_64-unknown-linux-gnu
ac_cv_c_compiler_gnu=yes
ac_cv_cxx_compiler_gnu=yes
ac_cv_env_CCC_set=
ac_cv_env_CCC_value=
ac_cv_env_CC_set=
ac_cv_env_CC_value=
ac_cv_env_CFLAGS_set=
ac_cv_env_CFLAGS_value=
ac_cv_env_CPPFLAGS_set=
ac_cv_env_CPPFLAGS_value=
ac_cv_env_CPP_set=
ac_cv_env_CPP_value=
ac_cv_env_CXXCPP_set=
ac_cv_env_CXXCPP_value=
ac_cv_env_CXXFLAGS_set=
ac_cv_env_CXXFLAGS_value=
ac_cv_env_CXX_set=
ac_cv_env_CXX_value=
ac_cv_env_LDFLAGS_set=
ac_cv_env_LDFLAGS_value=
ac_cv_env_LIBS_set=
ac_cv_env_LIBS_value=
ac_cv_env_build_alias_set=
ac_cv_env_build_alias_value=
ac_cv_env_host_alias_set=
ac_cv_env_host_alias_value=
ac_cv_env_target_alias_set=
ac_cv_env_target_alias_value=
ac_cv_header_dlfcn_h=yes
ac_cv_header_inttypes_h=yes
ac_cv_header_memory_h=yes
ac_cv_header_stdc=yes
ac_cv_header_stdint_h=yes
ac_cv_header_stdlib_h=yes
ac_cv_header_string_h=yes
ac_cv_header_strings_h=yes
ac_cv_header_sys_stat_h=yes
ac_cv_header_sys_types_h=yes
ac_cv_header_unistd_h=yes
ac_cv_host=x86_64-unknown-linux-gnu
ac_cv_objext=o
ac_cv_path_EGREP='/bin/grep -E'
ac_cv_path_FGREP='/bin/grep -F'
ac_cv_path_GREP=/bin/grep
ac_cv_path_SED=/bin/sed
ac_cv_path_install='/usr/bin/install -c'
ac_cv_path_mkdir=/bin/mkdir
ac_cv_prog_AWK=mawk
ac_cv_prog_CPP='gcc -E'
ac_cv_prog_CXXCPP='g++ -E'
ac_cv_prog_ac_ct_AR=ar
ac_cv_prog_ac_ct_CC=gcc
ac_cv_prog_ac_ct_CXX=g++
ac_cv_prog_ac_ct_MANIFEST_TOOL=mt
ac_cv_prog_ac_ct_OBJDUMP=objdump
ac_cv_prog_ac_ct_RANLIB=ranlib
ac_cv_prog_ac_ct_STRIP=strip
ac_cv_prog_cc_c89=
ac_cv_prog_cc_g=yes
ac_cv_prog_cxx_g=yes
ac_cv_prog_make_make_set=yes
am_cv_CC_dependencies_compiler_type=gcc3
am_cv_CXX_dependencies_compiler_type=gcc3
am_cv_make_support_nested_variables=yes
am_cv_prog_cc_c_o=yes
lt_cv_ar_at_file=@
lt_cv_archive_cmds_need_lc=no
lt_cv_deplibs_check_method=pass_all
lt_cv_file_magic_cmd='$MAGIC_CMD'
lt_cv_file_magic_test_file=
lt_cv_ld_reload_flag=-r
lt_cv_nm_interface='BSD nm'
lt_cv_objdir=.libs
lt_cv_path_LD=/usr/bin/ld
lt_cv_path_LDCXX='/usr/bin/ld -m elf_x86_64'
lt_cv_path_NM='/usr/bin/nm -B'
lt_cv_path_mainfest_tool=no
lt_cv_prog_compiler_c_o=yes
lt_cv_prog_compiler_c_o_CXX=yes
lt_cv_prog_compiler_pic='-fPIC -DPIC'
lt_cv_prog_compiler_pic_CXX='-fPIC -DPIC'
lt_cv_prog_compiler_pic_works=yes
lt_cv_prog_compiler_pic_works_CXX=yes
lt_cv_prog_compiler_rtti_exceptions=no
lt_cv_prog_compiler_static_works=yes
lt_cv_prog_compiler_static_works_CXX=yes
lt_cv_prog_gnu_ld=yes
lt_cv_prog_gnu_ldcxx=yes
lt_cv_sharedlib_from_linklib_cmd='printf %s\n'
lt_cv_shlibpath_overrides_runpath=no
lt_cv_sys_global_symbol_pipe='sed -n -e '\''s/^.*[	 ]\([ABCDGIRSTW][ABCDGIRSTW]*\)[	 ][	 ]*\([_A-Za-z][_A-Za-z0-9]*\)$/\1 \2 \2/p'\'' | sed '\''/ __gnu_lto/d'\'''
lt_cv_sys_global_symbol_to_c_name_address='sed -n -e '\''s/^: \([^ ]*\)[ ]*$/  {\"\1\", (void *) 0},/p'\'' -e '\''s/^[ABCDGIRSTW]* \([^ ]*\) \([^ ]*\)$/  {"\2", (void *) \&\2},/p'\'''
lt_cv_sys_global_symbol_to_c_name_address_lib_prefix='sed -n -e '\''s/^: \([^ ]*\)[ ]*$/  {\"\1\", (void *) 0},/p'\'' -e '\''s/^[ABCDGIRSTW]* \([^ ]*\) \(lib[^ ]*\)$/  {"\2", (void *) \&\2},/p'\'' -e '\''s/^[ABCDGIRSTW]* \([^ ]*\) \([^ ]*\)$/  {"lib\2", (void *) \&\2},/p'\'''
lt_cv_sys_global_symbol_to_cdecl='sed -n -e '\''s/^T .* \(.*\)$/extern int \1();/p'\'' -e '\''s/^[ABCDGIRSTW]* .* \(.*\)$/extern char \1;/p'\'''
lt_cv_sys_max_cmd_len=1572864
lt_cv_to_host_file_cmd=func_convert_file_noop
lt_cv_to_tool_file_cmd=func_convert_file_noop

## ----------------- ##
## Output variables. ##
## ----------------- ##

ACLOCAL='aclocal-1.14'
AMDEPBACKSLASH='\'
AMDEP_FALSE='#'
AMDEP_TRUE=''
AMTAR='$${TAR-tar}'
AM_BACKSLASH='\'
AM_DEFAULT_V='$(AM_DEFAULT_VERBOSITY)'
AM_DEFAULT_VERBOSITY='1'
AM_V='$(V)'
AR='ar'
ARCH='x86_64'
AUTOCONF='autoconf'
AUTOHEADER='autoheader'
AUTOMAKE='automake-1.14'
AWK='mawk'
CC='gcc'
CCDEPMODE='depmode=gcc3'
CFLAGS='-g -O2'
CPP='gcc -E'
CPPFLAGS=''
CXX='g++'
CXXCPP='g++ -E'
CXXDEPMODE='depmode=gcc3'
CXXFLAGS='-O3 -ffast-math'
CYGPATH_W='echo'
DEBUG=''
DEFS='-DPACKAGE_NAME=\"libalize\" -DPACKAGE_TARNAME=\"libalize\" -DPACKAGE_VERSION=\"3.0\" -DPACKAGE_STRING=\"libalize\ 3.0\" -DPACKAGE_BUGREPORT=\"dev-alize@listes.univ-avignon.fr\" -DPACKAGE_URL=\"\" -DPACKAGE=\"libalize\" -DVERSION=\"3.0\" -DSTDC_HEADERS=1 -DHAVE_SYS_TYPES_H=1 -DHAVE_SYS_STAT_H=1 -DHAVE_STDLIB_H=1 -DHAVE_STRING_H=1 -DHAVE_MEMORY_H=1 -DHAVE_STRINGS_H=1 -DHAVE_INTTYPES_H=1 -DHAVE_STDINT_H=1 -DHAVE_UNISTD_H=1 -DHAVE_DLFCN_H=1 -DLT_OBJDIR=\".libs/\"'
DEPDIR='.deps'
DLLTOOL='false'
DSYMUTIL=''
DUMPBIN=''
ECHO_C=''
ECHO_N='-n'
ECHO_T=''
EGREP='/bin/grep -E'
EXEEXT=''
FGREP='/bin/grep -F'
GREP='/bin/grep'
INSTALL_DATA='${INSTALL} -m 644'
INSTALL_PROGRAM='${INSTALL}'
INSTALL_SCRIPT='${INSTALL}'
INSTALL_STRIP_PROGRAM='$(install_sh) -c -s'
LD='/usr/bin/ld -m elf_x86_64'
LDFLAGS=''
LIBOBJS=''
LIBS=''
LIBTOOL='$(SHELL) $(top_builddir)/libtool'
LIPO=''
LN_S='ln -s'
LTLIBOBJS=''
MAKEINFO='makeinfo'
MANIFEST_TOOL=':'
MKDIR_P='/bin/mkdir -p'
NM='/usr/bin/nm -B'
NMEDIT=''
OBJDUMP='objdump'
OBJEXT='o'
OS='Linux'
OTOOL64=''
OTOOL=''
PACKAGE='libalize'
PACKAGE_BUGREPORT='dev-alize@listes.univ-avignon.fr'
PACKAGE_NAME='libalize'
PACKAGE_STRING='libalize 3.0'
PACKAGE_TARNAME='libalize'
PACKAGE_URL=''
PACKAGE_VERSION='3.0'
PATH_SEPARATOR=':'
RANLIB='ranlib'
SED='/bin/sed'
SET_MAKE=''
SHELL='/bin/bash'
STRIP='strip'
VERSION='3.0'
ac_ct_AR='ar'
ac_ct_CC='gcc'
ac_ct_CXX='g++'
ac_ct_DUMPBIN=''
am__EXEEXT_FALSE=''
am__EXEEXT_TRUE='#'
am__fastdepCC_FALSE='#'
am__fastdepCC_TRUE=''
am__fastdepCXX_FALSE='#'
am__fastdepCXX_TRUE=''
am__include='include'
am__isrc=''
am__leading_dot='.'
am__nodep='_no'
am__quote=''
am__tar='$${TAR-tar} chof - "$$tardir"'
am__untar='$${TAR-tar} xf -'
bindir='${exec_prefix}/bin'
build='x86_64-unknown-linux-gnu'
build_alias=''
build_cpu='x86_64'
build_os='linux-gnu'
build_vendor='unknown'
datadir='${datarootdir}'
datarootdir='${prefix}/share'
docdir='${datarootdir}/doc/${PACKAGE_TARNAME}'
dvidir='${docdir}'
exec_prefix='${prefix}'
host='x86_64-unknown-linux-gnu'
host_alias=''
host_cpu='x86_64'
host_os='linux-gnu'
host_vendor='unknown'
htmldir='${docdir}'
includedir='${prefix}/include'
infodir='${datarootdir}/info'
install_sh='${SHELL} /home/xueyang/SPR/alize-core-master/install-sh'
libdir='${exec_prefix}/lib'
libexecdir='${exec_prefix}/libexec'
localedir='${datarootdir}/locale'
localstatedir='${prefix}/var'
mandir='${datarootdir}/man'
mkdir_p='$(MKDIR_P)'
oldincludedir='/usr/include'
pdfdir='${docdir}'
prefix='/usr/local'
program_transform_name='s,x,x,'
psdir='${docdir}'
sbindir='${exec_prefix}/sbin'
sharedstatedir='${prefix}/com'
sysconfdir='${prefix}/etc'
target_alias=''

## ----------- ##
## confdefs.h. ##
## ----------- ##

/* confdefs.h */
#define PACKAGE_NAME "libalize"
#define PACKAGE_TARNAME "libalize"
#define PACKAGE_VERSION "3.0"
#define PACKAGE_STRING "libalize 3.0"
#define PACKAGE_BUGREPORT "dev-alize@listes.univ-avignon.fr"
#define PACKAGE_URL ""
#define PACKAGE "libalize"
#define VERSION "3.0"
#define STDC_HEADERS 1
#define HAVE_SYS_TYPES_H 1
#define HAVE_SYS_STAT_H 1
#define HAVE_STDLIB_H 1
#define HAVE_STRING_H 1
#define HAVE_MEMORY_H 1
#define HAVE_STRINGS_H 1
#define HAVE_INTTYPES_H 1
#define HAVE_STDINT_H 1
#define HAVE_UNISTD_H 1
#define HAVE_DLFCN_H 1
#define LT_OBJDIR ".libs/"

configure: exit 0
