(IvExtractor) TotalVariability - Load world model [world]
(AccumulateTVStat) Init TV matrix from ./mat/TV.matx  for TotalVariability Matrix, rank: [10] sv size: [1600]
(AccumulateTVStat) Compute Statistics UnThreaded
Processing file[mtxs0_sa1]
Processing file[mtxs0_sa2]
Processing file[mtxs0_si1060]
Processing file[mtxs0_si1690]
Processing file[mtxs0_si2320]
Processing file[mtxs0_sx160]
Processing file[mtxs0_sx250]
Processing file[mtxs0_sx340]
Processing file[mtxs0_sx430]
Processing file[fblv0_sa1]
Processing file[fblv0_sa2]
Processing file[fblv0_si1058]
Processing file[fblv0_si1688]
Processing file[fblv0_si2318]
Processing file[fblv0_sx158]
Processing file[fblv0_sx248]
Processing file[fblv0_sx338]
Processing file[fblv0_sx428]
(AccumulateTVStat) Statisitc Accumulators saved
	(IvExtractor) Load Mean Estimate
(AccumulateTVStat) Substract Mean from Speaker Statistics
(AccumulateTVStat) compute V * Sigma-1 * V 
(AccumulateTVStat) Estimate Y from Statistics 
--------- save IV by File --------
--------- end of process --------
